<?xml version="1.0" encoding="UTF-8"?>
<testsuite xmlns:xsi="http://www.w3.org/2001/XMLSchema-instance" xsi:noNamespaceSchemaLocation="https://maven.apache.org/surefire/maven-surefire-plugin/xsd/surefire-test-report-3.0.xsd" version="3.0" name="TestSuite" time="3.871" tests="2" errors="0" skipped="0" failures="2">
  <properties>
[...]
</properties>
  <testcase name="setUpClass[org.testng.TestRunner@200a26bc](0)" classname="com.orangehrm.automation.runners.TestRunner" time="3.366">
    <failure message="A method annotated with BeforeAll or AfterAll must have one of these signatures:&#10; * public static void before_or_after_all()&#10;at com.orangehrm.automation.stepdefs.Hooks.launchApplication()&#10;&#10;" type="io.cucumber.java.InvalidMethodSignatureException"><![CDATA[io.cucumber.java.InvalidMethodSignatureException: 
A method annotated with BeforeAll or AfterAll must have one of these signatures:
 * public static void before_or_after_all()
at com.orangehrm.automation.stepdefs.Hooks.launchApplication()


	at io.cucumber.java.InvalidMethodSignatureException$InvalidMethodSignatureExceptionBuilder.build(InvalidMethodSignatureException.java:52)
	at io.cucumber.java.JavaStaticHookDefinition.createInvalidSignatureException(JavaStaticHookDefinition.java:44)
	at io.cucumber.java.JavaStaticHookDefinition.requireValidMethod(JavaStaticHookDefinition.java:28)
	at io.cucumber.java.JavaStaticHookDefinition.<init>(JavaStaticHookDefinition.java:17)
	at io.cucumber.java.GlueAdaptor.addDefinition(GlueAdaptor.java:30)
	at io.cucumber.java.JavaBackend.lambda$loadGlue$1(JavaBackend.java:43)
	at io.cucumber.java.MethodScanner.scan(MethodScanner.java:78)
	at io.cucumber.java.MethodScanner.scan(MethodScanner.java:69)
	at io.cucumber.java.MethodScanner.scan(MethodScanner.java:33)
	at io.cucumber.java.JavaBackend.lambda$loadGlue$2(JavaBackend.java:41)
	at java.base/java.util.stream.ForEachOps$ForEachOp$OfRef.accept(ForEachOps.java:183)
	at java.base/java.util.stream.DistinctOps$1$2.accept(DistinctOps.java:175)
	at java.base/java.util.ArrayList$ArrayListSpliterator.forEachRemaining(ArrayList.java:1655)
	at java.base/java.util.stream.ReferencePipeline$Head.forEach(ReferencePipeline.java:658)
	at java.base/java.util.stream.ReferencePipeline$7$1.accept(ReferencePipeline.java:274)
	at java.base/java.util.stream.ReferencePipeline$3$1.accept(ReferencePipeline.java:195)
	at java.base/java.util.stream.ReferencePipeline$3$1.accept(ReferencePipeline.java:195)
	at java.base/java.util.stream.ReferencePipeline$2$1.accept(ReferencePipeline.java:177)
	at java.base/java.util.ArrayList$ArrayListSpliterator.forEachRemaining(ArrayList.java:1655)
	at java.base/java.util.stream.AbstractPipeline.copyInto(AbstractPipeline.java:484)
	at java.base/java.util.stream.AbstractPipeline.wrapAndCopyInto(AbstractPipeline.java:474)
	at java.base/java.util.stream.ForEachOps$ForEachOp.evaluateSequential(ForEachOps.java:150)
	at java.base/java.util.stream.ForEachOps$ForEachOp$OfRef.evaluateSequential(ForEachOps.java:173)
	at java.base/java.util.stream.AbstractPipeline.evaluate(AbstractPipeline.java:234)
	at java.base/java.util.stream.ReferencePipeline.forEach(ReferencePipeline.java:497)
	at io.cucumber.java.JavaBackend.loadGlue(JavaBackend.java:41)
	at io.cucumber.core.runner.Runner.<init>(Runner.java:56)
	at io.cucumber.core.runtime.ThreadLocalRunnerSupplier.createRunner(ThreadLocalRunnerSupplier.java:47)
	at java.base/java.lang.ThreadLocal$SuppliedThreadLocal.initialValue(ThreadLocal.java:305)
	at java.base/java.lang.ThreadLocal.setInitialValue(ThreadLocal.java:195)
	at java.base/java.lang.ThreadLocal.get(ThreadLocal.java:172)
	at io.cucumber.core.runtime.ThreadLocalRunnerSupplier.get(ThreadLocalRunnerSupplier.java:40)
	at io.cucumber.core.runtime.RethrowingThrowableCollector.executeAndThrow(RethrowingThrowableCollector.java:35)
	at io.cucumber.core.runtime.CucumberExecutionContext.getRunner(CucumberExecutionContext.java:140)
	at io.cucumber.core.runtime.CucumberExecutionContext.runBeforeAllHooks(CucumberExecutionContext.java:92)
	at io.cucumber.testng.TestNGCucumberRunner.<init>(TestNGCucumberRunner.java:124)
	at io.cucumber.testng.AbstractTestNGCucumberTests.setUpClass(AbstractTestNGCucumberTests.java:27)
	at java.base/jdk.internal.reflect.NativeMethodAccessorImpl.invoke0(Native Method)
	at java.base/jdk.internal.reflect.NativeMethodAccessorImpl.invoke(NativeMethodAccessorImpl.java:62)
	at java.base/jdk.internal.reflect.DelegatingMethodAccessorImpl.invoke(DelegatingMethodAccessorImpl.java:43)
	at java.base/java.lang.reflect.Method.invoke(Method.java:566)
	at org.testng.internal.invokers.MethodInvocationHelper.invokeMethod(MethodInvocationHelper.java:141)
	at org.testng.internal.invokers.MethodInvocationHelper.invokeMethodConsideringTimeout(MethodInvocationHelper.java:71)
	at org.testng.internal.invokers.ConfigInvoker.invokeConfigurationMethod(ConfigInvoker.java:400)
	at org.testng.internal.invokers.ConfigInvoker.invokeConfigurations(ConfigInvoker.java:333)
	at org.testng.internal.invokers.TestMethodWorker.invokeBeforeClassMethods(TestMethodWorker.java:188)
	at org.testng.internal.invokers.TestMethodWorker.run(TestMethodWorker.java:128)
	at java.base/java.util.ArrayList.forEach(ArrayList.java:1541)
	at org.testng.TestRunner.privateRun(TestRunner.java:739)
	at org.testng.TestRunner.run(TestRunner.java:614)
	at org.testng.SuiteRunner.runTest(SuiteRunner.java:421)
	at org.testng.SuiteRunner.runSequentially(SuiteRunner.java:413)
	at org.testng.SuiteRunner.privateRun(SuiteRunner.java:373)
	at org.testng.SuiteRunner.run(SuiteRunner.java:312)
	at org.testng.SuiteRunnerWorker.runSuite(SuiteRunnerWorker.java:52)
	at org.testng.SuiteRunnerWorker.run(SuiteRunnerWorker.java:95)
	at org.testng.TestNG.runSuitesSequentially(TestNG.java:1274)
	at org.testng.TestNG.runSuitesLocally(TestNG.java:1208)
	at org.testng.TestNG.runSuites(TestNG.java:1112)
	at org.testng.TestNG.run(TestNG.java:1079)
	at org.apache.maven.surefire.testng.TestNGExecutor.run(TestNGExecutor.java:308)
	at org.apache.maven.surefire.testng.TestNGXmlTestSuite.execute(TestNGXmlTestSuite.java:71)
	at org.apache.maven.surefire.testng.TestNGProvider.invoke(TestNGProvider.java:113)
	at org.apache.maven.surefire.booter.ForkedBooter.runSuitesInProcess(ForkedBooter.java:385)
	at org.apache.maven.surefire.booter.ForkedBooter.execute(ForkedBooter.java:162)
	at org.apache.maven.surefire.booter.ForkedBooter.run(ForkedBooter.java:507)
	at org.apache.maven.surefire.booter.ForkedBooter.main(ForkedBooter.java:495)
]]></failure>
    <system-err><![CDATA[SLF4J: Failed to load class "org.slf4j.impl.StaticLoggerBinder".
SLF4J: Defaulting to no-operation (NOP) logger implementation
SLF4J: See http://www.slf4j.org/codes.html#StaticLoggerBinder for further details.
]]></system-err>
  </testcase>
  <testcase name="setUpClass[org.testng.TestRunner@ec2bf82](0)" classname="com.orangehrm.automation.runners.TestRunner" time="3.566">
    <failure message="A method annotated with BeforeAll or AfterAll must have one of these signatures:&#10; * public static void before_or_after_all()&#10;at com.orangehrm.automation.stepdefs.Hooks.launchApplication()&#10;&#10;" type="io.cucumber.java.InvalidMethodSignatureException"><![CDATA[io.cucumber.java.InvalidMethodSignatureException: 
A method annotated with BeforeAll or AfterAll must have one of these signatures:
 * public static void before_or_after_all()
at com.orangehrm.automation.stepdefs.Hooks.launchApplication()


	at io.cucumber.java.InvalidMethodSignatureException$InvalidMethodSignatureExceptionBuilder.build(InvalidMethodSignatureException.java:52)
	at io.cucumber.java.JavaStaticHookDefinition.createInvalidSignatureException(JavaStaticHookDefinition.java:44)
	at io.cucumber.java.JavaStaticHookDefinition.requireValidMethod(JavaStaticHookDefinition.java:28)
	at io.cucumber.java.JavaStaticHookDefinition.<init>(JavaStaticHookDefinition.java:17)
	at io.cucumber.java.GlueAdaptor.addDefinition(GlueAdaptor.java:30)
	at io.cucumber.java.JavaBackend.lambda$loadGlue$1(JavaBackend.java:43)
	at io.cucumber.java.MethodScanner.scan(MethodScanner.java:78)
	at io.cucumber.java.MethodScanner.scan(MethodScanner.java:69)
	at io.cucumber.java.MethodScanner.scan(MethodScanner.java:33)
	at io.cucumber.java.JavaBackend.lambda$loadGlue$2(JavaBackend.java:41)
	at java.base/java.util.stream.ForEachOps$ForEachOp$OfRef.accept(ForEachOps.java:183)
	at java.base/java.util.stream.DistinctOps$1$2.accept(DistinctOps.java:175)
	at java.base/java.util.ArrayList$ArrayListSpliterator.forEachRemaining(ArrayList.java:1655)
	at java.base/java.util.stream.ReferencePipeline$Head.forEach(ReferencePipeline.java:658)
	at java.base/java.util.stream.ReferencePipeline$7$1.accept(ReferencePipeline.java:274)
	at java.base/java.util.stream.ReferencePipeline$3$1.accept(ReferencePipeline.java:195)
	at java.base/java.util.stream.ReferencePipeline$3$1.accept(ReferencePipeline.java:195)
	at java.base/java.util.stream.ReferencePipeline$2$1.accept(ReferencePipeline.java:177)
	at java.base/java.util.ArrayList$ArrayListSpliterator.forEachRemaining(ArrayList.java:1655)
	at java.base/java.util.stream.AbstractPipeline.copyInto(AbstractPipeline.java:484)
	at java.base/java.util.stream.AbstractPipeline.wrapAndCopyInto(AbstractPipeline.java:474)
	at java.base/java.util.stream.ForEachOps$ForEachOp.evaluateSequential(ForEachOps.java:150)
	at java.base/java.util.stream.ForEachOps$ForEachOp$OfRef.evaluateSequential(ForEachOps.java:173)
	at java.base/java.util.stream.AbstractPipeline.evaluate(AbstractPipeline.java:234)
	at java.base/java.util.stream.ReferencePipeline.forEach(ReferencePipeline.java:497)
	at io.cucumber.java.JavaBackend.loadGlue(JavaBackend.java:41)
	at io.cucumber.core.runner.Runner.<init>(Runner.java:56)
	at io.cucumber.core.runtime.ThreadLocalRunnerSupplier.createRunner(ThreadLocalRunnerSupplier.java:47)
	at java.base/java.lang.ThreadLocal$SuppliedThreadLocal.initialValue(ThreadLocal.java:305)
	at java.base/java.lang.ThreadLocal.setInitialValue(ThreadLocal.java:195)
	at java.base/java.lang.ThreadLocal.get(ThreadLocal.java:172)
	at io.cucumber.core.runtime.ThreadLocalRunnerSupplier.get(ThreadLocalRunnerSupplier.java:40)
	at io.cucumber.core.runtime.RethrowingThrowableCollector.executeAndThrow(RethrowingThrowableCollector.java:35)
	at io.cucumber.core.runtime.CucumberExecutionContext.getRunner(CucumberExecutionContext.java:140)
	at io.cucumber.core.runtime.CucumberExecutionContext.runBeforeAllHooks(CucumberExecutionContext.java:92)
	at io.cucumber.testng.TestNGCucumberRunner.<init>(TestNGCucumberRunner.java:124)
	at io.cucumber.testng.AbstractTestNGCucumberTests.setUpClass(AbstractTestNGCucumberTests.java:27)
	at java.base/jdk.internal.reflect.NativeMethodAccessorImpl.invoke0(Native Method)
	at java.base/jdk.internal.reflect.NativeMethodAccessorImpl.invoke(NativeMethodAccessorImpl.java:62)
	at java.base/jdk.internal.reflect.DelegatingMethodAccessorImpl.invoke(DelegatingMethodAccessorImpl.java:43)
	at java.base/java.lang.reflect.Method.invoke(Method.java:566)
	at org.testng.internal.invokers.MethodInvocationHelper.invokeMethod(MethodInvocationHelper.java:141)
	at org.testng.internal.invokers.MethodInvocationHelper.invokeMethodConsideringTimeout(MethodInvocationHelper.java:71)
	at org.testng.internal.invokers.ConfigInvoker.invokeConfigurationMethod(ConfigInvoker.java:400)
	at org.testng.internal.invokers.ConfigInvoker.invokeConfigurations(ConfigInvoker.java:333)
	at org.testng.internal.invokers.TestMethodWorker.invokeBeforeClassMethods(TestMethodWorker.java:188)
	at org.testng.internal.invokers.TestMethodWorker.run(TestMethodWorker.java:128)
	at java.base/java.util.ArrayList.forEach(ArrayList.java:1541)
	at org.testng.TestRunner.privateRun(TestRunner.java:739)
	at org.testng.TestRunner.run(TestRunner.java:614)
	at org.testng.SuiteRunner.runTest(SuiteRunner.java:421)
	at org.testng.SuiteRunner.runSequentially(SuiteRunner.java:413)
	at org.testng.SuiteRunner.privateRun(SuiteRunner.java:373)
	at org.testng.SuiteRunner.run(SuiteRunner.java:312)
	at org.testng.SuiteRunnerWorker.runSuite(SuiteRunnerWorker.java:52)
	at org.testng.SuiteRunnerWorker.run(SuiteRunnerWorker.java:95)
	at org.testng.TestNG.runSuitesSequentially(TestNG.java:1274)
	at org.testng.TestNG.runSuitesLocally(TestNG.java:1208)
	at org.testng.TestNG.runSuites(TestNG.java:1112)
	at org.testng.TestNG.run(TestNG.java:1079)
	at org.apache.maven.surefire.testng.TestNGExecutor.run(TestNGExecutor.java:308)
	at org.apache.maven.surefire.testng.TestNGXmlTestSuite.execute(TestNGXmlTestSuite.java:71)
	at org.apache.maven.surefire.testng.TestNGProvider.invoke(TestNGProvider.java:113)
	at org.apache.maven.surefire.booter.ForkedBooter.runSuitesInProcess(ForkedBooter.java:385)
	at org.apache.maven.surefire.booter.ForkedBooter.execute(ForkedBooter.java:162)
	at org.apache.maven.surefire.booter.ForkedBooter.run(ForkedBooter.java:507)
	at org.apache.maven.surefire.booter.ForkedBooter.main(ForkedBooter.java:495)
]]></failure>
  </testcase>
</testsuite>