<?xml version="1.0" encoding="UTF-8"?>
<testng-results ignored="0" total="1" passed="1" failed="0" skipped="0">
  <reporter-output>
  </reporter-output>
  <suite started-at="2025-09-06T12:48:04 IST" name="OrangeHRM Suite" finished-at="2025-09-06T12:49:47 IST" duration-ms="102622">
    <groups>
      <group name="cucumber">
        <method signature="AbstractTestNGCucumberTests.runScenario(io.cucumber.testng.PickleWrapper,io.cucumber.testng.FeatureWrapper)[pri:0, instance:com.orangehrm.automation.runners.TestRunner@792b749c]" name="runScenario" class="io.cucumber.testng.AbstractTestNGCucumberTests"/>
      </group> <!-- cucumber -->
    </groups>
    <test started-at="2025-09-06T12:48:04 IST" name="Cucumber Tests" finished-at="2025-09-06T12:49:47 IST" duration-ms="102622">
      <class name="com.orangehrm.automation.runners.TestRunner">
        <test-method is-config="true" signature="setUpClass(org.testng.ITestContext)[pri:0, instance:com.orangehrm.automation.runners.TestRunner@792b749c]" started-at="2025-09-06T12:48:04 IST" name="setUpClass" finished-at="2025-09-06T12:49:08 IST" duration-ms="63770" status="PASS">
          <params>
            <param index="0">
              <value>
                <![CDATA[org.testng.TestRunner@2ca54da9]]>
              </value>
            </param>
          </params>
          <reporter-output>
          </reporter-output>
        </test-method> <!-- setUpClass -->
        <test-method signature="runScenario(io.cucumber.testng.PickleWrapper,io.cucumber.testng.FeatureWrapper)[pri:0, instance:com.orangehrm.automation.runners.TestRunner@792b749c]" started-at="2025-09-06T12:49:08 IST" name="runScenario" description="Runs Cucumber Scenarios" data-provider="scenarios" finished-at="2025-09-06T12:49:40 IST" duration-ms="31784" status="PASS">
          <params>
            <param index="0">
              <value>
                <![CDATA["Login and Add User"]]>
              </value>
            </param>
            <param index="1">
              <value>
                <![CDATA["OrangeHRM Workflow"]]>
              </value>
            </param>
          </params>
          <reporter-output>
          </reporter-output>
        </test-method> <!-- runScenario -->
        <test-method is-config="true" signature="tearDownClass()[pri:0, instance:com.orangehrm.automation.runners.TestRunner@792b749c]" started-at="2025-09-06T12:49:40 IST" name="tearDownClass" finished-at="2025-09-06T12:49:47 IST" duration-ms="6917" status="PASS">
          <reporter-output>
          </reporter-output>
        </test-method> <!-- tearDownClass -->
      </class> <!-- com.orangehrm.automation.runners.TestRunner -->
    </test> <!-- Cucumber Tests -->
  </suite> <!-- OrangeHRM Suite -->
</testng-results>
