<?xml version="1.0" encoding="UTF-8"?>
<testsuite xmlns:xsi="http://www.w3.org/2001/XMLSchema-instance" xsi:noNamespaceSchemaLocation="https://maven.apache.org/surefire/maven-surefire-plugin/xsd/surefire-test-report-3.0.xsd" version="3.0" name="TestSuite" time="104.717" tests="1" errors="0" skipped="0" failures="0">
  <properties>
[...]
</properties>
  <testcase name="runScenario[&quot;Login and Add User&quot;, &quot;OrangeHRM Workflow&quot;](1)" classname="com.orangehrm.automation.runners.TestRunner" time="31.786">
    <system-out><![CDATA[🚀 Browser launched and OrangeHRM opened

Scenario: Login and Add User                              # src/test/resources/features/Login.feature:3
  Given User is on login page                             # com.orangehrm.automation.stepdefs.LoginSteps.user_is_on_login_page()
  When User enters "username" and "password"              # com.orangehrm.automation.stepdefs.LoginSteps.user_enters_and(java.lang.String,java.lang.String)
✅ Login successful!
  Then User should land on dashboard                      # com.orangehrm.automation.stepdefs.LoginSteps.user_should_land_on_dashboard()
  Then User select role from the list                     # com.orangehrm.automation.stepdefs.LoginSteps.User_select_role_from_the_list()
  And User click on add button                            # com.orangehrm.automation.stepdefs.LoginSteps.User_click_on_add_button()
  When User clicks on user role                           # com.orangehrm.automation.stepdefs.LoginSteps.user_clicks_on_user_role()
  Then User should should select an option from drop down # com.orangehrm.automation.stepdefs.LoginSteps.user_should_should_select_an_option_from_drop_down()
  When User enter text in the employee name field         # com.orangehrm.automation.stepdefs.LoginSteps.user_enter_text_in_the_employee_name_field()
  Then User need to select a name from the dropdown       # com.orangehrm.automation.stepdefs.LoginSteps.user_need_to_select_a_name_from_the_dropdown()
  When User clicks on status                              # com.orangehrm.automation.stepdefs.LoginSteps.User_clicks_on_status()
  Then User need to select a status from the dropdown     # com.orangehrm.automation.stepdefs.LoginSteps.user_need_to_select_a_status_from_the_dropdown()
]]></system-out>
    <system-err><![CDATA[SLF4J: Failed to load class "org.slf4j.impl.StaticLoggerBinder".
SLF4J: Defaulting to no-operation (NOP) logger implementation
SLF4J: See http://www.slf4j.org/codes.html#StaticLoggerBinder for further details.
Sep 06, 2025 12:48:12 PM org.openqa.selenium.devtools.CdpVersionFinder findNearestMatch
WARNING: Unable to find CDP implementation matching 139
Sep 06, 2025 12:48:12 PM org.openqa.selenium.chromium.ChromiumDriver lambda$new$5
WARNING: Unable to find version of CDP to use for 139.0.7258.155. You may need to include a dependency on a specific version of the CDP using something similar to `org.seleniumhq.selenium:selenium-devtools-v86:4.21.0` where the version ("v86") matches the version of the chromium-based browser you're using and the version number of the artifact is the same as Selenium's.
]]></system-err>
  </testcase>
</testsuite>