<?xml version="1.0" encoding="UTF-8"?>
<testng-results ignored="0" total="1" passed="1" failed="0" skipped="0">
  <reporter-output>
  </reporter-output>
  <suite started-at="2025-09-04T18:23:28 IST" name="OrangeHRM Suite" finished-at="2025-09-04T18:23:48 IST" duration-ms="20373">
    <groups>
      <group name="cucumber">
        <method signature="AbstractTestNGCucumberTests.runScenario(io.cucumber.testng.PickleWrapper,io.cucumber.testng.FeatureWrapper)[pri:0, instance:com.orangehrm.automation.runners.TestRunner@387a8303]" name="runScenario" class="io.cucumber.testng.AbstractTestNGCucumberTests"/>
      </group> <!-- cucumber -->
    </groups>
    <test started-at="2025-09-04T18:23:28 IST" name="Cucumber Tests" finished-at="2025-09-04T18:23:48 IST" duration-ms="20373">
      <class name="com.orangehrm.automation.runners.TestRunner">
        <test-method is-config="true" signature="setUpClass(org.testng.ITestContext)[pri:0, instance:com.orangehrm.automation.runners.TestRunner@387a8303]" started-at="2025-09-04T18:23:28 IST" name="setUpClass" finished-at="2025-09-04T18:23:35 IST" duration-ms="6530" status="PASS">
          <params>
            <param index="0">
              <value>
                <![CDATA[org.testng.TestRunner@67fa5045]]>
              </value>
            </param>
          </params>
          <reporter-output>
          </reporter-output>
        </test-method> <!-- setUpClass -->
        <test-method signature="runScenario(io.cucumber.testng.PickleWrapper,io.cucumber.testng.FeatureWrapper)[pri:0, instance:com.orangehrm.automation.runners.TestRunner@387a8303]" started-at="2025-09-04T18:23:35 IST" name="runScenario" description="Runs Cucumber Scenarios" data-provider="scenarios" finished-at="2025-09-04T18:23:46 IST" duration-ms="11023" status="PASS">
          <params>
            <param index="0">
              <value>
                <![CDATA["Login and Add User"]]>
              </value>
            </param>
            <param index="1">
              <value>
                <![CDATA["OrangeHRM Workflow"]]>
              </value>
            </param>
          </params>
          <reporter-output>
          </reporter-output>
        </test-method> <!-- runScenario -->
        <test-method is-config="true" signature="tearDownClass()[pri:0, instance:com.orangehrm.automation.runners.TestRunner@387a8303]" started-at="2025-09-04T18:23:46 IST" name="tearDownClass" finished-at="2025-09-04T18:23:48 IST" duration-ms="2660" status="PASS">
          <reporter-output>
          </reporter-output>
        </test-method> <!-- tearDownClass -->
      </class> <!-- com.orangehrm.automation.runners.TestRunner -->
    </test> <!-- Cucumber Tests -->
  </suite> <!-- OrangeHRM Suite -->
</testng-results>
